<?xml version="1.0" encoding="UTF-8"?>
<testng-results ignored="0" total="1" passed="1" failed="0" skipped="0">
  <reporter-output>
  </reporter-output>
  <suite started-at="2023-10-04T12:09:00 EET" name="Default suite" finished-at="2023-10-04T12:09:20 EET" duration-ms="19880">
    <groups>
    </groups>
    <test started-at="2023-10-04T12:09:00 EET" name="Default test" finished-at="2023-10-04T12:09:20 EET" duration-ms="19880">
      <class name="Login_TestCase">
        <test-method is-config="true" signature="myBeforeTest()[pri:0, instance:Login_TestCase@667e34b1]" started-at="2023-10-04T12:09:00 EET" name="myBeforeTest" finished-at="2023-10-04T12:09:16 EET" duration-ms="15871" status="PASS">
          <reporter-output>
          </reporter-output>
        </test-method> <!-- myBeforeTest -->
        <test-method signature="mytest()[pri:0, instance:Login_TestCase@667e34b1]" started-at="2023-10-04T12:09:16 EET" name="mytest" finished-at="2023-10-04T12:09:20 EET" duration-ms="3906" status="PASS">
          <reporter-output>
          </reporter-output>
        </test-method> <!-- mytest -->
        <test-method is-config="true" signature="myAfterTest()[pri:0, instance:Login_TestCase@667e34b1]" started-at="2023-10-04T12:09:20 EET" name="myAfterTest" finished-at="2023-10-04T12:09:20 EET" duration-ms="0" status="PASS">
          <reporter-output>
          </reporter-output>
        </test-method> <!-- myAfterTest -->
      </class> <!-- Login_TestCase -->
    </test> <!-- Default test -->
  </suite> <!-- Default suite -->
</testng-results>
